
SQL*Loader: Release 11.2.0.2.0 - Production on 금 3월 29 07:29:11 2019

Copyright (c) 1982, 2009, Oracle and/or its affiliates.  All rights reserved.

Control File:   /home/centos/iris.ctl
Data File:      /home/centos/iris.csv
  Bad File:     /home/centos/iris.bad
  Discard File:  none specified
 
 (Allow all discards)

Number to load: ALL
Number to skip: 1
Errors allowed: 50
Bind array:     64 rows, maximum of 256000 bytes
Continuation:    none specified
Path used:      Conventional

Table IRIS, loaded from every logical record.
Insert option in effect for this table: INSERT

   Column Name                  Position   Len  Term Encl Datatype
------------------------------ ---------- ----- ---- ---- ---------------------
SEPALLENGTH                         FIRST     *   ,  O(") CHARACTER            
SEPALWIDTH                           NEXT     *   ,  O(") CHARACTER            
PETALLENGTH                          NEXT     *   ,  O(") CHARACTER            
PETALWIDTH                           NEXT     *   ,  O(") CHARACTER            
SPECIES                              NEXT     *   ,  O(") CHARACTER            


Table IRIS:
  150 Rows successfully loaded.
  0 Rows not loaded due to data errors.
  0 Rows not loaded because all WHEN clauses were failed.
  0 Rows not loaded because all fields were null.


Space allocated for bind array:                  82560 bytes(64 rows)
Read   buffer bytes: 1048576

Total logical records skipped:          1
Total logical records read:           150
Total logical records rejected:         0
Total logical records discarded:        0

Run began on 금 3월  29 07:29:11 2019
Run ended on 금 3월  29 07:29:13 2019

Elapsed time was:     00:00:02.01
CPU time was:         00:00:00.01
